[geist.finance/index.html]
[geist.finance/manifest.json]
[geist.finance/favicon32.ico]
[geist.finance/favicon.png]
[geist.finance/favicon32.png]
[geist.finance/favicon64.png]
[backblue.gif]
[fade.gif]
[index.html]
[fonts.googleapis.com/index.html]
[fonts.googleapis.com/css24ab4.css]
[geist.finance/static/css/3.f6d97c81.chunk.css]
[geist.finance/index.html]
[geist.finance/index-2.html]
[fonts.googleapis.com/index.html]
[fonts.gstatic.com/index.html]
[fonts.googleapis.com/css24ab4.css]
[geist.finance/index-2.html]
[geist.finance/static/css/3.f6d97c81.chunk.css]
[geist.finance/static/js/main.ac838265.chunk.js]
[geist.finance/static/js/3.3764050f.chunk.js]
